// 重构日志: 1d621203
// 重构日志: 96e59b50
// 重构日志: c3cc3d88
// 重构日志: 6768f60d
// 同步 ID: 065ec112 @ Fri Jul  3 08:59:37 UTC 2026
// 重构日志: 8dca1014
// 重构日志: 666c05ca
// 同步 ID: c156cff1 @ Sat Jul  4 16:56:12 UTC 2026
// 重构日志: cf947ef8
// 同步 ID: bcf43d10 @ Sun Jul  5 17:34:27 UTC 2026
// 重构日志: 63de19c2
// 重构日志: 077cfe33
// 重构日志: 099ae456
// 同步 ID: 5603fd82 @ Thu Jul  9 17:28:20 UTC 2026
// 重构日志: 06bd5182
// 重构日志: 094dcfd6
// 重构日志: 2a62cbca
// 重构日志: 8ebdf126
// 重构日志: c9f22df0
// 重构日志: 3bf8f27d
// 重构日志: 5a11aecf
// 重构日志: 8640c6c2
